[     454ms] [ERROR] Failed to load resource: the server responded with a status of 404 (Not Found) @ http://localhost:4324/site.webmanifest:0
[     455ms] [ERROR] Manifest fetch from http://localhost:4324/site.webmanifest failed, code 404 @ http://localhost:4324/:0
[     995ms] [ERROR] Failed to load resource: the server responded with a status of 404 (Not Found) @ http://localhost:4324/site.webmanifest:0
[     995ms] [ERROR] Manifest fetch from http://localhost:4324/site.webmanifest failed, code 404 @ http://localhost:4324/:0
[  142058ms] [ERROR] Failed to load resource: the server responded with a status of 404 (Not Found) @ http://localhost:4324/site.webmanifest:0
[  142058ms] [ERROR] Manifest fetch from http://localhost:4324/site.webmanifest failed, code 404 @ http://localhost:4324/:0
[  142093ms] [ERROR] WebSocket connection to 'ws://localhost:4324/?token=6wDWGaZSSju-' failed: Error during WebSocket handshake: net::ERR_CONNECTION_RESET @ http://localhost:4324/@vite/client:1476
[  142095ms] [ERROR] WebSocket connection to 'ws://localhost:5173/?token=6wDWGaZSSju-' failed: Error in connection establishment: net::ERR_CONNECTION_REFUSED @ http://localhost:4324/@vite/client:1486
[  142101ms] [ERROR] [vite] failed to connect to websocket.
your current setup:
  (browser) localhost:4324/ <--[HTTP]--> localhost:5173/ (server)
  (browser) localhost:4324/ <--[WebSocket (failing)]--> localhost:5173/ (server)
Check out your Vite / network configuration and https://vite.dev/config/server-options.html#server-hmr . @ http://localhost:4324/@vite/client:1496
[  142101ms] [ERROR] Failed to load resource: net::ERR_CONNECTION_REFUSED @ http://localhost:4324/site.webmanifest:0
[  142102ms] [ERROR] Failed to load resource: net::ERR_CONNECTION_REFUSED @ http://localhost:4324/favicon.svg:0
[  142106ms] [ERROR] [vite] TypeError: Cannot read properties of undefined (reading 'send')
    at Object.send (http://localhost:4324/@vite/client:449:7)
    at Object.send (http://localhost:4324/@vite/client:1512:16)
    at Object.send (http://localhost:4324/@vite/client:318:23)
    at Object.send (http://localhost:4324/@vite/client:396:30)
    at HMRClient.send (http://localhost:4324/@vite/client:157:18)
    at HMRContext.send (http://localhost:4324/@vite/client:119:18)
    at AstroDevToolbar.setAppStatus (http://localhost:4324/node_modules/.vite/deps/toolbar-2H5PSQQU.js?v=a0c36415:440:22)
    at http://localhost:4324/node_modules/.vite/deps/toolbar-2H5PSQQU.js?v=a0c36415:302:18
    at Array.forEach (<anonymous>)
    at AstroDevToolbar.connectedCallback (http://localhost:4324/node_modules/.vite/deps/toolbar-2H5PSQQU.js?v=a0c36415:301:15) @ http://localhost:4324/@vite/client:1540
[  142107ms] [ERROR] [vite] TypeError: Cannot read properties of undefined (reading 'send')
    at Object.send (http://localhost:4324/@vite/client:449:7)
    at Object.send (http://localhost:4324/@vite/client:1512:16)
    at Object.send (http://localhost:4324/@vite/client:318:23)
    at Object.send (http://localhost:4324/@vite/client:396:30)
    at HMRClient.send (http://localhost:4324/@vite/client:157:18)
    at HMRContext.send (http://localhost:4324/@vite/client:119:18)
    at AstroDevToolbar.setAppStatus (http://localhost:4324/node_modules/.vite/deps/toolbar-2H5PSQQU.js?v=a0c36415:440:22)
    at http://localhost:4324/node_modules/.vite/deps/toolbar-2H5PSQQU.js?v=a0c36415:302:18
    at Array.forEach (<anonymous>)
    at AstroDevToolbar.connectedCallback (http://localhost:4324/node_modules/.vite/deps/toolbar-2H5PSQQU.js?v=a0c36415:301:15) @ http://localhost:4324/@vite/client:1540
[  142107ms] [ERROR] [vite] TypeError: Cannot read properties of undefined (reading 'send')
    at Object.send (http://localhost:4324/@vite/client:449:7)
    at Object.send (http://localhost:4324/@vite/client:1512:16)
    at Object.send (http://localhost:4324/@vite/client:318:23)
    at Object.send (http://localhost:4324/@vite/client:396:30)
    at HMRClient.send (http://localhost:4324/@vite/client:157:18)
    at HMRContext.send (http://localhost:4324/@vite/client:119:18)
    at AstroDevToolbar.setAppStatus (http://localhost:4324/node_modules/.vite/deps/toolbar-2H5PSQQU.js?v=a0c36415:440:22)
    at http://localhost:4324/node_modules/.vite/deps/toolbar-2H5PSQQU.js?v=a0c36415:302:18
    at Array.forEach (<anonymous>)
    at AstroDevToolbar.connectedCallback (http://localhost:4324/node_modules/.vite/deps/toolbar-2H5PSQQU.js?v=a0c36415:301:15) @ http://localhost:4324/@vite/client:1540
[  142107ms] [ERROR] [vite] TypeError: Cannot read properties of undefined (reading 'send')
    at Object.send (http://localhost:4324/@vite/client:449:7)
    at Object.send (http://localhost:4324/@vite/client:1512:16)
    at Object.send (http://localhost:4324/@vite/client:318:23)
    at Object.send (http://localhost:4324/@vite/client:396:30)
    at HMRClient.send (http://localhost:4324/@vite/client:157:18)
    at HMRContext.send (http://localhost:4324/@vite/client:119:18)
    at AstroDevToolbar.setAppStatus (http://localhost:4324/node_modules/.vite/deps/toolbar-2H5PSQQU.js?v=a0c36415:440:22)
    at http://localhost:4324/node_modules/.vite/deps/toolbar-2H5PSQQU.js?v=a0c36415:302:18
    at Array.forEach (<anonymous>)
    at AstroDevToolbar.connectedCallback (http://localhost:4324/node_modules/.vite/deps/toolbar-2H5PSQQU.js?v=a0c36415:301:15) @ http://localhost:4324/@vite/client:1540
[  142107ms] [ERROR] [vite] TypeError: Cannot read properties of undefined (reading 'send')
    at Object.send (http://localhost:4324/@vite/client:449:7)
    at Object.send (http://localhost:4324/@vite/client:1512:16)
    at Object.send (http://localhost:4324/@vite/client:318:23)
    at Object.send (http://localhost:4324/@vite/client:396:30)
    at HMRClient.send (http://localhost:4324/@vite/client:157:18)
    at HMRContext.send (http://localhost:4324/@vite/client:119:18)
    at AstroDevToolbar.setAppStatus (http://localhost:4324/node_modules/.vite/deps/toolbar-2H5PSQQU.js?v=a0c36415:440:22)
    at http://localhost:4324/node_modules/.vite/deps/toolbar-2H5PSQQU.js?v=a0c36415:302:18
    at Array.forEach (<anonymous>)
    at AstroDevToolbar.connectedCallback (http://localhost:4324/node_modules/.vite/deps/toolbar-2H5PSQQU.js?v=a0c36415:301:15) @ http://localhost:4324/@vite/client:1540
[  142108ms] [ERROR] Failed to load resource: net::ERR_CONNECTION_REFUSED @ http://localhost:4324/favicon-32x32.png:0
[  142112ms] [ERROR] [vite] TypeError: Cannot read properties of undefined (reading 'send')
    at Object.send (http://localhost:4324/@vite/client:449:7)
    at Object.send (http://localhost:4324/@vite/client:1512:16)
    at Object.send (http://localhost:4324/@vite/client:318:23)
    at Object.send (http://localhost:4324/@vite/client:396:30)
    at HMRClient.send (http://localhost:4324/@vite/client:157:18)
    at HMRContext.send (http://localhost:4324/@vite/client:119:18)
    at AstroDevToolbar.initApp (http://localhost:4324/node_modules/.vite/deps/toolbar-2H5PSQQU.js?v=a0c36415:355:25) @ http://localhost:4324/@vite/client:1540
[  142112ms] [ERROR] [vite] TypeError: Cannot read properties of undefined (reading 'send')
    at Object.send (http://localhost:4324/@vite/client:449:7)
    at Object.send (http://localhost:4324/@vite/client:1512:16)
    at Object.send (http://localhost:4324/@vite/client:318:23)
    at Object.send (http://localhost:4324/@vite/client:396:30)
    at HMRClient.send (http://localhost:4324/@vite/client:157:18)
    at HMRContext.send (http://localhost:4324/@vite/client:119:18)
    at AstroDevToolbar.initApp (http://localhost:4324/node_modules/.vite/deps/toolbar-2H5PSQQU.js?v=a0c36415:355:25) @ http://localhost:4324/@vite/client:1540
[  142112ms] [ERROR] [vite] TypeError: Cannot read properties of undefined (reading 'send')
    at Object.send (http://localhost:4324/@vite/client:449:7)
    at Object.send (http://localhost:4324/@vite/client:1512:16)
    at Object.send (http://localhost:4324/@vite/client:318:23)
    at Object.send (http://localhost:4324/@vite/client:396:30)
    at HMRClient.send (http://localhost:4324/@vite/client:157:18)
    at HMRContext.send (http://localhost:4324/@vite/client:119:18)
    at AstroDevToolbar.initApp (http://localhost:4324/node_modules/.vite/deps/toolbar-2H5PSQQU.js?v=a0c36415:355:25) @ http://localhost:4324/@vite/client:1540
[  142112ms] [ERROR] [vite] TypeError: Cannot read properties of undefined (reading 'send')
    at Object.send (http://localhost:4324/@vite/client:449:7)
    at Object.send (http://localhost:4324/@vite/client:1512:16)
    at Object.send (http://localhost:4324/@vite/client:318:23)
    at Object.send (http://localhost:4324/@vite/client:396:30)
    at HMRClient.send (http://localhost:4324/@vite/client:157:18)
    at HMRContext.send (http://localhost:4324/@vite/client:119:18)
    at AstroDevToolbar.initApp (http://localhost:4324/node_modules/.vite/deps/toolbar-2H5PSQQU.js?v=a0c36415:355:25) @ http://localhost:4324/@vite/client:1540
[  142116ms] [ERROR] Failed to load resource: net::ERR_CONNECTION_REFUSED @ http://localhost:4324/favicon-16x16.png:0
[  142116ms] [ERROR] Failed to load resource: net::ERR_CONNECTION_REFUSED @ http://localhost:4324/marsicdev-profile.jpg:0
[  142116ms] [ERROR] %cAstro background: linear-gradient(66.77deg, #D83333 0%, #F041FF 100%); color: white; padding-inline: 4px; border-radius: 2px; font-family: monospace; Error while running audit's match function: TypeError: Failed to fetch @ http://localhost:4324/node_modules/.vite/deps/chunk-LEX3GG7N.js?v=a0c36415:22
[  142117ms] [ERROR] [vite] TypeError: Cannot read properties of undefined (reading 'send')
    at Object.send (http://localhost:4324/@vite/client:449:7)
    at Object.send (http://localhost:4324/@vite/client:1512:16)
    at Object.send (http://localhost:4324/@vite/client:318:23)
    at Object.send (http://localhost:4324/@vite/client:396:30)
    at HMRClient.send (http://localhost:4324/@vite/client:157:18)
    at HMRContext.send (http://localhost:4324/@vite/client:119:18)
    at AstroDevToolbar.initApp (http://localhost:4324/node_modules/.vite/deps/toolbar-2H5PSQQU.js?v=a0c36415:355:25) @ http://localhost:4324/@vite/client:1540
